d:\git repository\chengyi-chung\yufa\uax\x64\release\vc143.pdb
d:\git repository\chengyi-chung\yufa\uax\x64\release\uax.obj
d:\git repository\chengyi-chung\yufa\uax\x64\release\dllmain.obj
d:\git repository\chengyi-chung\yufa\x64\release\uax.dll
d:\git repository\chengyi-chung\yufa\x64\release\uax.pdb
d:\git repository\chengyi-chung\yufa\x64\release\sqlite3.dll
d:\git repository\chengyi-chung\yufa\x64\release\uax.lib
d:\git repository\chengyi-chung\yufa\x64\release\uax.exp
d:\git repository\chengyi-chung\yufa\uax\x64\release\uax.ipdb
d:\git repository\chengyi-chung\yufa\uax\x64\release\uax.iobj
c:\users\cheng\source\repos\chengyi-chung\yufa\uax\x64\release\dllmain.obj
c:\users\cheng\source\repos\chengyi-chung\yufa\uax\x64\release\uax.obj
c:\users\cheng\source\repos\chengyi-chung\yufa\uax\x64\release\uax.ipdb
c:\users\cheng\source\repos\chengyi-chung\yufa\uax\x64\release\uax.iobj
c:\users\cheng\source\repos\chengyi-chung\yufa\uax\x64\release\vc143.pdb
c:\users\cheng\source\repos\chengyi-chung\yufa\uax\x64\release\uax.tlog\cl.command.1.tlog
c:\users\cheng\source\repos\chengyi-chung\yufa\uax\x64\release\uax.tlog\cl.items.tlog
c:\users\cheng\source\repos\chengyi-chung\yufa\uax\x64\release\uax.tlog\cl.read.1.tlog
c:\users\cheng\source\repos\chengyi-chung\yufa\uax\x64\release\uax.tlog\cl.write.1.tlog
c:\users\cheng\source\repos\chengyi-chung\yufa\uax\x64\release\uax.tlog\link.command.1.tlog
c:\users\cheng\source\repos\chengyi-chung\yufa\uax\x64\release\uax.tlog\link.read.1.tlog
c:\users\cheng\source\repos\chengyi-chung\yufa\uax\x64\release\uax.tlog\link.secondary.1.tlog
c:\users\cheng\source\repos\chengyi-chung\yufa\uax\x64\release\uax.tlog\link.write.1.tlog
c:\users\cheng\source\repos\chengyi-chung\yufa\uax\x64\release\uax.tlog\uax.write.1u.tlog
