  The vcpkg manifest was disabled, but we found a manifest file in C:\Users\cheng\. You may want to enable vcpkg manifests in your properties page or pass /p:VcpkgEnableManifest=true to the msbuild invocation.
  dllmain.cpp
  UAX.cpp
C:\opencv\build\include\opencv2\core.hpp(1747,1): warning C4819: 檔案含有無法在目前字碼頁 (950) 中表示的字元。請以 Unicode 格式儲存檔案以防止資料遺失
  (編譯來源檔案 'UAX.cpp')
  
C:\opencv\build\include\opencv2\core.hpp(1747,1): warning C4819: 檔案含有無法在目前字碼頁 (950) 中表示的字元。請以 Unicode 格式儲存檔案以防止資料遺失
  (編譯來源檔案 'UAX.cpp')
  
C:\opencv\build\include\opencv2\core.hpp(1747,1): warning C4819: 檔案含有無法在目前字碼頁 (950) 中表示的字元。請以 Unicode 格式儲存檔案以防止資料遺失
  (編譯來源檔案 'UAX.cpp')
  
C:\opencv\build\include\opencv2\calib3d.hpp(1,1): warning C4819: 檔案含有無法在目前字碼頁 (950) 中表示的字元。請以 Unicode 格式儲存檔案以防止資料遺失
  (編譯來源檔案 'UAX.cpp')
  
C:\opencv\build\include\opencv2\objdetect\aruco_board.hpp(1,1): warning C4819: 檔案含有無法在目前字碼頁 (950) 中表示的字元。請以 Unicode 格式儲存檔案以防止資料遺失
  (編譯來源檔案 'UAX.cpp')
  
C:\Users\cheng\source\repos\chengyi-chung\YUFA\UAX\UAX.h(88,28): warning C4190: 'fitImageToScreen' 已指定 C-連結，但傳回與 C 不相容的 UDT 'cv::Mat'
  (編譯來源檔案 'UAX.cpp')
      C:\opencv\build\include\opencv2\core\mat.hpp(810,18):
      請參閱 'cv::Mat' 的宣告
  
C:\Users\cheng\source\repos\chengyi-chung\YUFA\UAX\UAX.cpp(25,9): warning C4005: '_T': 巨集重複定義
      C:\Program Files (x86)\Windows Kits\10\Include\10.0.22621.0\ucrt\tchar.h(2320,9):
      參閱 '_T' 之前的定義
  
C:\Users\cheng\source\repos\chengyi-chung\YUFA\UAX\UAX.cpp(107,30): warning C4244: '=': 將 '_Tp' 轉換為 'int'，由於類型不同，可能導致資料遺失
C:\Users\cheng\source\repos\chengyi-chung\YUFA\UAX\UAX.cpp(107,30): warning C4244:         with
C:\Users\cheng\source\repos\chengyi-chung\YUFA\UAX\UAX.cpp(107,30): warning C4244:         [
C:\Users\cheng\source\repos\chengyi-chung\YUFA\UAX\UAX.cpp(107,30): warning C4244:             _Tp=double
C:\Users\cheng\source\repos\chengyi-chung\YUFA\UAX\UAX.cpp(107,30): warning C4244:         ]
  正在產生程式碼...
     正在建立程式庫 C:\Users\cheng\source\repos\chengyi-chung\YUFA\x64\Debug\UAX.lib 和物件 C:\Users\cheng\source\repos\chengyi-chung\YUFA\x64\Debug\UAX.exp
  UAX.vcxproj -> C:\Users\cheng\source\repos\chengyi-chung\YUFA\x64\Debug\UAX.dll
  'pwsh.exe' 不是內部或外部命令、可執行的程式或批次檔。
