d:\git repository\chengyi-chung\yufa\uax\x64\debug\vc143.pdb
d:\git repository\chengyi-chung\yufa\uax\x64\debug\vc143.idb
d:\git repository\chengyi-chung\yufa\uax\x64\debug\uax.obj
d:\git repository\chengyi-chung\yufa\uax\x64\debug\dllmain.obj
d:\git repository\chengyi-chung\yufa\x64\debug\uax.dll
d:\git repository\chengyi-chung\yufa\x64\debug\uax.pdb
d:\git repository\chengyi-chung\yufa\x64\debug\uax.lib
d:\git repository\chengyi-chung\yufa\x64\debug\uax.exp
d:\git repository\chengyi-chung\yufa\uax\x64\debug\uax.ilk
c:\users\cheng\source\repos\chengyi-chung\yufa\uax\x64\debug\dllmain.obj
c:\users\cheng\source\repos\chengyi-chung\yufa\uax\x64\debug\uax.obj
c:\users\cheng\source\repos\chengyi-chung\yufa\uax\x64\debug\uax.ilk
c:\users\cheng\source\repos\chengyi-chung\yufa\uax\x64\debug\vc143.idb
c:\users\cheng\source\repos\chengyi-chung\yufa\uax\x64\debug\vc143.pdb
c:\users\cheng\source\repos\chengyi-chung\yufa\x64\debug\uax.pdb
c:\users\cheng\source\repos\chengyi-chung\yufa\x64\debug\uax.dll
c:\users\cheng\source\repos\chengyi-chung\yufa\uax\x64\debug\uax.tlog\cl.command.1.tlog
c:\users\cheng\source\repos\chengyi-chung\yufa\uax\x64\debug\uax.tlog\cl.items.tlog
c:\users\cheng\source\repos\chengyi-chung\yufa\uax\x64\debug\uax.tlog\cl.read.1.tlog
c:\users\cheng\source\repos\chengyi-chung\yufa\uax\x64\debug\uax.tlog\cl.write.1.tlog
c:\users\cheng\source\repos\chengyi-chung\yufa\uax\x64\debug\uax.tlog\link.command.1.tlog
c:\users\cheng\source\repos\chengyi-chung\yufa\uax\x64\debug\uax.tlog\link.read.1.tlog
c:\users\cheng\source\repos\chengyi-chung\yufa\uax\x64\debug\uax.tlog\link.secondary.1.tlog
c:\users\cheng\source\repos\chengyi-chung\yufa\uax\x64\debug\uax.tlog\link.write.1.tlog
